[0.077s] DEBUG:colcon:Command line arguments: ['/usr/bin/colcon', 'build', '--packages-select', 'my_robot_description', '--build-base', '/home/alishbakiyani/ros2_ws_alishba/build', '--install-base', '/home/alishbakiyani/ros2_ws_alishba/install']
[0.077s] DEBUG:colcon:Parsed command line arguments: Namespace(log_base=None, log_level=None, verb_name='build', build_base='/home/alishbakiyani/ros2_ws_alishba/build', install_base='/home/alishbakiyani/ros2_ws_alishba/install', merge_install=False, symlink_install=False, test_result_base=None, continue_on_error=False, executor='parallel', parallel_workers=12, event_handlers=None, ignore_user_meta=False, metas=['./colcon.meta'], base_paths=['.'], packages_ignore=None, packages_ignore_regex=None, paths=None, packages_up_to=None, packages_up_to_regex=None, packages_above=None, packages_above_and_dependencies=None, packages_above_depth=None, packages_select_by_dep=None, packages_skip_by_dep=None, packages_skip_up_to=None, packages_select_build_failed=False, packages_skip_build_finished=False, packages_select_test_failures=False, packages_skip_test_passed=False, packages_select=['my_robot_description'], packages_skip=None, packages_select_regex=None, packages_skip_regex=None, packages_start=None, packages_end=None, allow_overriding=[], cmake_args=None, cmake_target=None, cmake_target_skip_unavailable=False, cmake_clean_cache=False, cmake_clean_first=False, cmake_force_configure=False, ament_cmake_args=None, catkin_cmake_args=None, catkin_skip_building_tests=False, verb_parser=<colcon_defaults.argument_parser.defaults.DefaultArgumentsDecorator object at 0x74e0e82eb6a0>, verb_extension=<colcon_core.verb.build.BuildVerb object at 0x74e0e8490ac0>, main=<bound method BuildVerb.main of <colcon_core.verb.build.BuildVerb object at 0x74e0e8490ac0>>)
[0.185s] Level 1:colcon.colcon_core.package_discovery:discover_packages(colcon_meta) check parameters
[0.185s] Level 1:colcon.colcon_core.package_discovery:discover_packages(recursive) check parameters
[0.185s] Level 1:colcon.colcon_core.package_discovery:discover_packages(ignore) check parameters
[0.185s] Level 1:colcon.colcon_core.package_discovery:discover_packages(path) check parameters
[0.185s] Level 1:colcon.colcon_core.package_discovery:discover_packages(colcon_meta) discover
[0.185s] Level 1:colcon.colcon_core.package_discovery:discover_packages(recursive) discover
[0.185s] INFO:colcon.colcon_core.package_discovery:Crawling recursively for packages in '/home/alishbakiyani/ros2_ws_alishba/src/my_robot_description'
[0.185s] Level 1:colcon.colcon_core.package_identification:_identify(.) by extensions ['ignore', 'ignore_ament_install']
[0.185s] Level 1:colcon.colcon_core.package_identification:_identify(.) by extension 'ignore'
[0.185s] Level 1:colcon.colcon_core.package_identification:_identify(.) by extension 'ignore_ament_install'
[0.185s] Level 1:colcon.colcon_core.package_identification:_identify(.) by extensions ['colcon_pkg']
[0.185s] Level 1:colcon.colcon_core.package_identification:_identify(.) by extension 'colcon_pkg'
[0.185s] Level 1:colcon.colcon_core.package_identification:_identify(.) by extensions ['colcon_meta']
[0.185s] Level 1:colcon.colcon_core.package_identification:_identify(.) by extension 'colcon_meta'
[0.185s] Level 1:colcon.colcon_core.package_identification:_identify(.) by extensions ['ros']
[0.185s] Level 1:colcon.colcon_core.package_identification:_identify(.) by extension 'ros'
[0.194s] DEBUG:colcon.colcon_core.package_identification:Package '.' with type 'ros.ament_cmake' and name 'my_robot_description'
[0.194s] Level 1:colcon.colcon_core.package_discovery:discover_packages(recursive) using defaults
[0.194s] Level 1:colcon.colcon_core.package_discovery:discover_packages(ignore) discover
[0.194s] Level 1:colcon.colcon_core.package_discovery:discover_packages(ignore) using defaults
[0.194s] Level 1:colcon.colcon_core.package_discovery:discover_packages(path) discover
[0.194s] Level 1:colcon.colcon_core.package_discovery:discover_packages(path) using defaults
[0.215s] Level 1:colcon.colcon_core.package_discovery:discover_packages(prefix_path) check parameters
[0.215s] Level 1:colcon.colcon_core.package_discovery:discover_packages(prefix_path) discover
[0.216s] DEBUG:colcon.colcon_installed_package_information.package_discovery:Found 5 installed packages in /home/alishbakiyani/ros2_ws/install
[0.216s] DEBUG:colcon.colcon_installed_package_information.package_discovery:Found 13 installed packages in /home/alishbakiyani/vista_ws/install
[0.217s] DEBUG:colcon.colcon_installed_package_information.package_discovery:Found 468 installed packages in /opt/ros/humble
[0.219s] Level 1:colcon.colcon_core.package_discovery:discover_packages(prefix_path) using defaults
[0.252s] Level 5:colcon.colcon_core.verb:set package 'my_robot_description' build argument 'cmake_args' from command line to 'None'
[0.252s] Level 5:colcon.colcon_core.verb:set package 'my_robot_description' build argument 'cmake_target' from command line to 'None'
[0.252s] Level 5:colcon.colcon_core.verb:set package 'my_robot_description' build argument 'cmake_target_skip_unavailable' from command line to 'False'
[0.252s] Level 5:colcon.colcon_core.verb:set package 'my_robot_description' build argument 'cmake_clean_cache' from command line to 'False'
[0.252s] Level 5:colcon.colcon_core.verb:set package 'my_robot_description' build argument 'cmake_clean_first' from command line to 'False'
[0.252s] Level 5:colcon.colcon_core.verb:set package 'my_robot_description' build argument 'cmake_force_configure' from command line to 'False'
[0.252s] Level 5:colcon.colcon_core.verb:set package 'my_robot_description' build argument 'ament_cmake_args' from command line to 'None'
[0.252s] Level 5:colcon.colcon_core.verb:set package 'my_robot_description' build argument 'catkin_cmake_args' from command line to 'None'
[0.252s] Level 5:colcon.colcon_core.verb:set package 'my_robot_description' build argument 'catkin_skip_building_tests' from command line to 'False'
[0.252s] DEBUG:colcon.colcon_core.verb:Building package 'my_robot_description' with the following arguments: {'ament_cmake_args': None, 'build_base': '/home/alishbakiyani/ros2_ws_alishba/build/my_robot_description', 'catkin_cmake_args': None, 'catkin_skip_building_tests': False, 'cmake_args': None, 'cmake_clean_cache': False, 'cmake_clean_first': False, 'cmake_force_configure': False, 'cmake_target': None, 'cmake_target_skip_unavailable': False, 'install_base': '/home/alishbakiyani/ros2_ws_alishba/install/my_robot_description', 'merge_install': False, 'path': '/home/alishbakiyani/ros2_ws_alishba/src/my_robot_description', 'symlink_install': False, 'test_result_base': None}
[0.253s] INFO:colcon.colcon_core.executor:Executing jobs using 'parallel' executor
[0.253s] DEBUG:colcon.colcon_parallel_executor.executor.parallel:run_until_complete
[0.253s] INFO:colcon.colcon_ros.task.ament_cmake.build:Building ROS package in '/home/alishbakiyani/ros2_ws_alishba/src/my_robot_description' with build type 'ament_cmake'
[0.254s] INFO:colcon.colcon_cmake.task.cmake.build:Building CMake package in '/home/alishbakiyani/ros2_ws_alishba/src/my_robot_description'
[0.255s] INFO:colcon.colcon_core.plugin_system:Skipping extension 'colcon_core.shell.bat': Not used on non-Windows systems
[0.255s] INFO:colcon.colcon_core.shell:Skip shell extension 'powershell' for command environment: Not usable outside of PowerShell
[0.255s] DEBUG:colcon.colcon_core.shell:Skip shell extension 'dsv' for command environment
[0.265s] DEBUG:colcon.colcon_core.event_handler.log_command:Invoking command in '/home/alishbakiyani/ros2_ws_alishba/build/my_robot_description': CMAKE_PREFIX_PATH=${CMAKE_PREFIX_PATH}:/home/alishbakiyani/ros2_ws/install/striker_agent:/home/alishbakiyani/vista_ws/install/vista_py_examples:/opt/ros/humble /usr/bin/cmake --build /home/alishbakiyani/ros2_ws_alishba/build/my_robot_description -- -j12 -l12
[0.474s] DEBUG:colcon.colcon_core.event_handler.log_command:Invoked command in '/home/alishbakiyani/ros2_ws_alishba/build/my_robot_description' returned '0': CMAKE_PREFIX_PATH=${CMAKE_PREFIX_PATH}:/home/alishbakiyani/ros2_ws/install/striker_agent:/home/alishbakiyani/vista_ws/install/vista_py_examples:/opt/ros/humble /usr/bin/cmake --build /home/alishbakiyani/ros2_ws_alishba/build/my_robot_description -- -j12 -l12
[0.487s] DEBUG:colcon.colcon_core.event_handler.log_command:Invoking command in '/home/alishbakiyani/ros2_ws_alishba/build/my_robot_description': CMAKE_PREFIX_PATH=${CMAKE_PREFIX_PATH}:/home/alishbakiyani/ros2_ws/install/striker_agent:/home/alishbakiyani/vista_ws/install/vista_py_examples:/opt/ros/humble /usr/bin/cmake --install /home/alishbakiyani/ros2_ws_alishba/build/my_robot_description
[0.505s] Level 1:colcon.colcon_core.environment:create_environment_scripts_only(my_robot_description)
[0.505s] DEBUG:colcon.colcon_core.event_handler.log_command:Invoked command in '/home/alishbakiyani/ros2_ws_alishba/build/my_robot_description' returned '0': CMAKE_PREFIX_PATH=${CMAKE_PREFIX_PATH}:/home/alishbakiyani/ros2_ws/install/striker_agent:/home/alishbakiyani/vista_ws/install/vista_py_examples:/opt/ros/humble /usr/bin/cmake --install /home/alishbakiyani/ros2_ws_alishba/build/my_robot_description
[0.508s] Level 1:colcon.colcon_core.environment:checking '/home/alishbakiyani/ros2_ws_alishba/install/my_robot_description' for CMake module files
[0.509s] Level 1:colcon.colcon_core.environment:checking '/home/alishbakiyani/ros2_ws_alishba/install/my_robot_description' for CMake config files
[0.509s] Level 1:colcon.colcon_core.shell:create_environment_hook('my_robot_description', 'cmake_prefix_path')
[0.510s] INFO:colcon.colcon_core.shell:Creating environment hook '/home/alishbakiyani/ros2_ws_alishba/install/my_robot_description/share/my_robot_description/hook/cmake_prefix_path.ps1'
[0.511s] INFO:colcon.colcon_core.shell:Creating environment descriptor '/home/alishbakiyani/ros2_ws_alishba/install/my_robot_description/share/my_robot_description/hook/cmake_prefix_path.dsv'
[0.511s] INFO:colcon.colcon_core.shell:Creating environment hook '/home/alishbakiyani/ros2_ws_alishba/install/my_robot_description/share/my_robot_description/hook/cmake_prefix_path.sh'
[0.513s] Level 1:colcon.colcon_core.environment:checking '/home/alishbakiyani/ros2_ws_alishba/install/my_robot_description/bin'
[0.513s] Level 1:colcon.colcon_core.environment:checking '/home/alishbakiyani/ros2_ws_alishba/install/my_robot_description/lib/pkgconfig/my_robot_description.pc'
[0.514s] Level 1:colcon.colcon_core.environment:checking '/home/alishbakiyani/ros2_ws_alishba/install/my_robot_description/lib/python3.10/site-packages'
[0.514s] Level 1:colcon.colcon_core.environment:checking '/home/alishbakiyani/ros2_ws_alishba/install/my_robot_description/bin'
[0.515s] INFO:colcon.colcon_core.shell:Creating package script '/home/alishbakiyani/ros2_ws_alishba/install/my_robot_description/share/my_robot_description/package.ps1'
[0.516s] INFO:colcon.colcon_core.shell:Creating package descriptor '/home/alishbakiyani/ros2_ws_alishba/install/my_robot_description/share/my_robot_description/package.dsv'
[0.517s] INFO:colcon.colcon_core.shell:Creating package script '/home/alishbakiyani/ros2_ws_alishba/install/my_robot_description/share/my_robot_description/package.sh'
[0.518s] INFO:colcon.colcon_core.shell:Creating package script '/home/alishbakiyani/ros2_ws_alishba/install/my_robot_description/share/my_robot_description/package.bash'
[0.519s] INFO:colcon.colcon_core.shell:Creating package script '/home/alishbakiyani/ros2_ws_alishba/install/my_robot_description/share/my_robot_description/package.zsh'
[0.519s] Level 1:colcon.colcon_core.environment:create_file_with_runtime_dependencies(/home/alishbakiyani/ros2_ws_alishba/install/my_robot_description/share/colcon-core/packages/my_robot_description)
[0.520s] Level 1:colcon.colcon_core.environment:create_environment_scripts_only(my_robot_description)
[0.520s] Level 1:colcon.colcon_core.environment:checking '/home/alishbakiyani/ros2_ws_alishba/install/my_robot_description' for CMake module files
[0.521s] Level 1:colcon.colcon_core.environment:checking '/home/alishbakiyani/ros2_ws_alishba/install/my_robot_description' for CMake config files
[0.521s] Level 1:colcon.colcon_core.shell:create_environment_hook('my_robot_description', 'cmake_prefix_path')
[0.522s] INFO:colcon.colcon_core.shell:Creating environment hook '/home/alishbakiyani/ros2_ws_alishba/install/my_robot_description/share/my_robot_description/hook/cmake_prefix_path.ps1'
[0.522s] INFO:colcon.colcon_core.shell:Creating environment descriptor '/home/alishbakiyani/ros2_ws_alishba/install/my_robot_description/share/my_robot_description/hook/cmake_prefix_path.dsv'
[0.523s] INFO:colcon.colcon_core.shell:Creating environment hook '/home/alishbakiyani/ros2_ws_alishba/install/my_robot_description/share/my_robot_description/hook/cmake_prefix_path.sh'
[0.523s] Level 1:colcon.colcon_core.environment:checking '/home/alishbakiyani/ros2_ws_alishba/install/my_robot_description/bin'
[0.523s] Level 1:colcon.colcon_core.environment:checking '/home/alishbakiyani/ros2_ws_alishba/install/my_robot_description/lib/pkgconfig/my_robot_description.pc'
[0.524s] Level 1:colcon.colcon_core.environment:checking '/home/alishbakiyani/ros2_ws_alishba/install/my_robot_description/lib/python3.10/site-packages'
[0.524s] Level 1:colcon.colcon_core.environment:checking '/home/alishbakiyani/ros2_ws_alishba/install/my_robot_description/bin'
[0.524s] INFO:colcon.colcon_core.shell:Creating package script '/home/alishbakiyani/ros2_ws_alishba/install/my_robot_description/share/my_robot_description/package.ps1'
[0.525s] INFO:colcon.colcon_core.shell:Creating package descriptor '/home/alishbakiyani/ros2_ws_alishba/install/my_robot_description/share/my_robot_description/package.dsv'
[0.526s] INFO:colcon.colcon_core.shell:Creating package script '/home/alishbakiyani/ros2_ws_alishba/install/my_robot_description/share/my_robot_description/package.sh'
[0.526s] INFO:colcon.colcon_core.shell:Creating package script '/home/alishbakiyani/ros2_ws_alishba/install/my_robot_description/share/my_robot_description/package.bash'
[0.527s] INFO:colcon.colcon_core.shell:Creating package script '/home/alishbakiyani/ros2_ws_alishba/install/my_robot_description/share/my_robot_description/package.zsh'
[0.527s] Level 1:colcon.colcon_core.environment:create_file_with_runtime_dependencies(/home/alishbakiyani/ros2_ws_alishba/install/my_robot_description/share/colcon-core/packages/my_robot_description)
[0.527s] DEBUG:colcon.colcon_parallel_executor.executor.parallel:closing loop
[0.528s] DEBUG:colcon.colcon_parallel_executor.executor.parallel:loop closed
[0.528s] DEBUG:colcon.colcon_parallel_executor.executor.parallel:run_until_complete finished with '0'
[0.528s] DEBUG:colcon.colcon_core.event_reactor:joining thread
[0.531s] INFO:colcon.colcon_core.plugin_system:Skipping extension 'colcon_notification.desktop_notification.terminal_notifier': Not used on non-Darwin systems
[0.532s] INFO:colcon.colcon_core.plugin_system:Skipping extension 'colcon_notification.desktop_notification.win32': Not used on non-Windows systems
[0.532s] INFO:colcon.colcon_notification.desktop_notification:Sending desktop notification using 'notify2'
[0.541s] DEBUG:colcon.colcon_core.event_reactor:joined thread
[0.541s] INFO:colcon.colcon_core.shell:Creating prefix script '/home/alishbakiyani/ros2_ws_alishba/install/local_setup.ps1'
[0.542s] INFO:colcon.colcon_core.shell:Creating prefix util module '/home/alishbakiyani/ros2_ws_alishba/install/_local_setup_util_ps1.py'
[0.543s] INFO:colcon.colcon_core.shell:Creating prefix chain script '/home/alishbakiyani/ros2_ws_alishba/install/setup.ps1'
[0.544s] INFO:colcon.colcon_core.shell:Creating prefix script '/home/alishbakiyani/ros2_ws_alishba/install/local_setup.sh'
[0.544s] INFO:colcon.colcon_core.shell:Creating prefix util module '/home/alishbakiyani/ros2_ws_alishba/install/_local_setup_util_sh.py'
[0.544s] INFO:colcon.colcon_core.shell:Creating prefix chain script '/home/alishbakiyani/ros2_ws_alishba/install/setup.sh'
[0.545s] INFO:colcon.colcon_core.shell:Creating prefix script '/home/alishbakiyani/ros2_ws_alishba/install/local_setup.bash'
[0.546s] INFO:colcon.colcon_core.shell:Creating prefix chain script '/home/alishbakiyani/ros2_ws_alishba/install/setup.bash'
[0.547s] INFO:colcon.colcon_core.shell:Creating prefix script '/home/alishbakiyani/ros2_ws_alishba/install/local_setup.zsh'
[0.547s] INFO:colcon.colcon_core.shell:Creating prefix chain script '/home/alishbakiyani/ros2_ws_alishba/install/setup.zsh'
