[0.010s] Invoking command in '/home/alishbakiyani/ros2_ws_alishba/build/my_robot_description': CMAKE_PREFIX_PATH=${CMAKE_PREFIX_PATH}:/home/alishbakiyani/ros2_ws/install/striker_agent:/home/alishbakiyani/vista_ws/install/vista_py_examples:/opt/ros/humble /usr/bin/cmake --build /home/alishbakiyani/ros2_ws_alishba/build/my_robot_description -- -j12 -l12
[0.032s] -- Found ament_cmake: 1.3.12 (/opt/ros/humble/share/ament_cmake/cmake)
[0.135s] -- Found ament_lint_auto: 0.12.14 (/opt/ros/humble/share/ament_lint_auto/cmake)
[0.196s] -- Added test 'flake8' to check Python code syntax and style conventions
[0.197s] -- Added test 'lint_cmake' to check CMake code style
[0.197s] -- Added test 'pep257' to check Python code against some of the docstring style conventions in PEP 257
[0.198s] -- Added test 'xmllint' to check XML markup files
[0.198s] -- Configuring done
[0.200s] -- Generating done
[0.201s] -- Build files have been written to: /home/alishbakiyani/ros2_ws_alishba/build/my_robot_description
[0.220s] Invoked command in '/home/alishbakiyani/ros2_ws_alishba/build/my_robot_description' returned '0': CMAKE_PREFIX_PATH=${CMAKE_PREFIX_PATH}:/home/alishbakiyani/ros2_ws/install/striker_agent:/home/alishbakiyani/vista_ws/install/vista_py_examples:/opt/ros/humble /usr/bin/cmake --build /home/alishbakiyani/ros2_ws_alishba/build/my_robot_description -- -j12 -l12
[0.232s] Invoking command in '/home/alishbakiyani/ros2_ws_alishba/build/my_robot_description': CMAKE_PREFIX_PATH=${CMAKE_PREFIX_PATH}:/home/alishbakiyani/ros2_ws/install/striker_agent:/home/alishbakiyani/vista_ws/install/vista_py_examples:/opt/ros/humble /usr/bin/cmake --install /home/alishbakiyani/ros2_ws_alishba/build/my_robot_description
[0.244s] -- Install configuration: ""
[0.244s] -- Installing: /home/alishbakiyani/ros2_ws_alishba/install/my_robot_description/share/my_robot_description/urdf
[0.244s] -- Installing: /home/alishbakiyani/ros2_ws_alishba/install/my_robot_description/share/my_robot_description/urdf/custom_robot.urdf
[0.244s] -- Installing: /home/alishbakiyani/ros2_ws_alishba/install/my_robot_description/share/my_robot_description/urdf/my_robot.urdf
[0.245s] -- Installing: /home/alishbakiyani/ros2_ws_alishba/install/my_robot_description/share/my_robot_description/urdf/vista_robot.urdf.xacro
[0.245s] -- Installing: /home/alishbakiyani/ros2_ws_alishba/install/my_robot_description/share/my_robot_description/launch
[0.245s] -- Installing: /home/alishbakiyani/ros2_ws_alishba/install/my_robot_description/share/my_robot_description/launch/display.launch.py
[0.245s] -- Installing: /home/alishbakiyani/ros2_ws_alishba/install/my_robot_description/share/my_robot_description/meshes
[0.245s] -- Installing: /home/alishbakiyani/ros2_ws_alishba/install/my_robot_description/share/my_robot_description/meshes/lidar_link.STL
[0.245s] -- Installing: /home/alishbakiyani/ros2_ws_alishba/install/my_robot_description/share/my_robot_description/meshes/base_frame_link.STL
[0.246s] -- Installing: /home/alishbakiyani/ros2_ws_alishba/install/my_robot_description/share/my_robot_description/meshes/base_link.STL
[0.248s] -- Installing: /home/alishbakiyani/ros2_ws_alishba/install/my_robot_description/share/my_robot_description/meshes/left_wheel_link.STL
[0.248s] -- Installing: /home/alishbakiyani/ros2_ws_alishba/install/my_robot_description/share/my_robot_description/meshes/right_wheel_link.STL
[0.248s] -- Installing: /home/alishbakiyani/ros2_ws_alishba/install/my_robot_description/share/my_robot_description/rviz
[0.249s] -- Up-to-date: /home/alishbakiyani/ros2_ws_alishba/install/my_robot_description/share/ament_index/resource_index/package_run_dependencies/my_robot_description
[0.249s] -- Up-to-date: /home/alishbakiyani/ros2_ws_alishba/install/my_robot_description/share/ament_index/resource_index/parent_prefix_path/my_robot_description
[0.249s] -- Up-to-date: /home/alishbakiyani/ros2_ws_alishba/install/my_robot_description/share/my_robot_description/environment/ament_prefix_path.sh
[0.249s] -- Installing: /home/alishbakiyani/ros2_ws_alishba/install/my_robot_description/share/my_robot_description/environment/ament_prefix_path.dsv
[0.249s] -- Up-to-date: /home/alishbakiyani/ros2_ws_alishba/install/my_robot_description/share/my_robot_description/environment/path.sh
[0.249s] -- Installing: /home/alishbakiyani/ros2_ws_alishba/install/my_robot_description/share/my_robot_description/environment/path.dsv
[0.249s] -- Up-to-date: /home/alishbakiyani/ros2_ws_alishba/install/my_robot_description/share/my_robot_description/local_setup.bash
[0.249s] -- Up-to-date: /home/alishbakiyani/ros2_ws_alishba/install/my_robot_description/share/my_robot_description/local_setup.sh
[0.249s] -- Up-to-date: /home/alishbakiyani/ros2_ws_alishba/install/my_robot_description/share/my_robot_description/local_setup.zsh
[0.249s] -- Installing: /home/alishbakiyani/ros2_ws_alishba/install/my_robot_description/share/my_robot_description/local_setup.dsv
[0.249s] -- Installing: /home/alishbakiyani/ros2_ws_alishba/install/my_robot_description/share/my_robot_description/package.dsv
[0.249s] -- Up-to-date: /home/alishbakiyani/ros2_ws_alishba/install/my_robot_description/share/ament_index/resource_index/packages/my_robot_description
[0.249s] -- Up-to-date: /home/alishbakiyani/ros2_ws_alishba/install/my_robot_description/share/my_robot_description/cmake/my_robot_descriptionConfig.cmake
[0.249s] -- Up-to-date: /home/alishbakiyani/ros2_ws_alishba/install/my_robot_description/share/my_robot_description/cmake/my_robot_descriptionConfig-version.cmake
[0.249s] -- Up-to-date: /home/alishbakiyani/ros2_ws_alishba/install/my_robot_description/share/my_robot_description/package.xml
[0.251s] Invoked command in '/home/alishbakiyani/ros2_ws_alishba/build/my_robot_description' returned '0': CMAKE_PREFIX_PATH=${CMAKE_PREFIX_PATH}:/home/alishbakiyani/ros2_ws/install/striker_agent:/home/alishbakiyani/vista_ws/install/vista_py_examples:/opt/ros/humble /usr/bin/cmake --install /home/alishbakiyani/ros2_ws_alishba/build/my_robot_description
